<?xml version="1.0" encoding="UTF-8"?>
<!-- Generated by org.testng.reporters.JUnitReportReporter -->
<testsuite hostname="DESKTOP-4TJLC2D" failures="0" tests="5" name="ihubbusiness.testcases.tc_2" time="0.044" errors="0" timestamp="02 Mar 2020 05:44:02 GMT" skipped="0">
  <testcase classname="ihubbusiness.testcases.tc_2" name="f" time="0.016"/>
  <testcase classname="ihubbusiness.testcases.tc_2" name="f" time="0.005"/>
  <testcase classname="ihubbusiness.testcases.tc_2" name="f" time="0.007"/>
  <testcase classname="ihubbusiness.testcases.tc_2" name="f" time="0.005"/>
  <testcase classname="ihubbusiness.testcases.tc_2" name="f" time="0.011"/>
</testsuite> <!-- ihubbusiness.testcases.tc_2 -->
