<?xml version="1.0" encoding="UTF-8"?>
<!-- Generated by org.testng.reporters.JUnitReportReporter -->
<testsuite hostname="DESKTOP-4TJLC2D" failures="0" tests="1" name="ihubbusiness.testcases.tc_1" time="11.643" errors="0" timestamp="06 Mar 2020 10:44:54 GMT" skipped="0">
  <testcase classname="ihubbusiness.testcases.tc_1" name="test" time="11.643"/>
</testsuite> <!-- ihubbusiness.testcases.tc_1 -->
