<?xml version="1.0" encoding="UTF-8"?>
<!-- Generated by org.testng.reporters.JUnitReportReporter -->
<testsuite hostname="DESKTOP-4TJLC2D" failures="0" tests="2" name="ihubbusiness.testcases.tc_2" time="0.014" errors="0" timestamp="27 Feb 2020 12:59:02 GMT" skipped="0">
  <testcase classname="ihubbusiness.testcases.tc_2" name="f" time="0.003"/>
  <testcase classname="ihubbusiness.testcases.tc_2" name="f" time="0.011"/>
</testsuite> <!-- ihubbusiness.testcases.tc_2 -->
