<?xml version="1.0" encoding="UTF-8"?>
<!-- Generated by org.testng.reporters.JUnitReportReporter -->
<testsuite hostname="DESKTOP-4TJLC2D" failures="0" tests="1" name="ihubbusiness.testcases.test" time="11.543" errors="0" timestamp="12 Mar 2020 06:14:45 GMT" skipped="0">
  <testcase classname="ihubbusiness.testcases.test" name="f" time="11.543"/>
</testsuite> <!-- ihubbusiness.testcases.test -->
