<?xml version="1.0" encoding="UTF-8"?>
<!-- Generated by org.testng.reporters.JUnitReportReporter -->
<testsuite hostname="DESKTOP-4TJLC2D" failures="0" tests="1" name="ihubbusiness.dataprovider.data" time="0.306" errors="0" timestamp="27 Feb 2020 09:31:16 GMT" skipped="0">
  <testcase classname="ihubbusiness.dataprovider.data" name="f" time="0.306"/>
</testsuite> <!-- ihubbusiness.dataprovider.data -->
