<?xml version="1.0" encoding="UTF-8"?>
<!-- Generated by org.testng.reporters.JUnitReportReporter -->
<testsuite hostname="DESKTOP-4TJLC2D" failures="0" tests="1" name="ihubbusiness.testcases.tc_1" time="4.008" errors="0" timestamp="27 Feb 2020 10:39:06 GMT" skipped="0">
  <testcase classname="ihubbusiness.testcases.tc_1" name="test" time="4.008"/>
</testsuite> <!-- ihubbusiness.testcases.tc_1 -->
