<?xml version="1.0" encoding="UTF-8"?>
<!-- Generated by org.testng.reporters.JUnitReportReporter -->
<testsuite hostname="DESKTOP-4TJLC2D" failures="0" tests="5" name="ihubbusiness.testcases.tc_2" time="0.023" errors="0" timestamp="28 Feb 2020 13:04:56 GMT" skipped="0">
  <testcase classname="ihubbusiness.testcases.tc_2" name="f" time="0.002"/>
  <testcase classname="ihubbusiness.testcases.tc_2" name="f" time="0.003"/>
  <testcase classname="ihubbusiness.testcases.tc_2" name="f" time="0.003"/>
  <testcase classname="ihubbusiness.testcases.tc_2" name="f" time="0.003"/>
  <testcase classname="ihubbusiness.testcases.tc_2" name="f" time="0.012"/>
</testsuite> <!-- ihubbusiness.testcases.tc_2 -->
