<?xml version="1.0" encoding="UTF-8"?>
<!-- Generated by org.testng.reporters.JUnitReportReporter -->
<testsuite hostname="DESKTOP-4TJLC2D" failures="0" tests="3" name="ihubbusiness.testcases.NewTest" time="0.014" errors="0" timestamp="27 Feb 2020 09:20:18 GMT" skipped="0">
  <testcase classname="ihubbusiness.testcases.NewTest" name="a" time="0.009"/>
  <testcase classname="ihubbusiness.testcases.NewTest" name="c" time="0.002"/>
  <testcase classname="ihubbusiness.testcases.NewTest" name="b" time="0.003"/>
</testsuite> <!-- ihubbusiness.testcases.NewTest -->
